[01:28:10] [INFO] Launching Intelligent Pipeline for bytecapsuleit.sh...
[01:28:10] [INFO] Starting Intelligent Pipeline for target: bytecapsuleit.sh
[01:28:10] [INFO] Running Reconnaissance...
[01:28:11] [ERROR] Recon failed
[01:28:49] [INFO] Launching Intelligent Pipeline for bytecapsuleit.com...
[01:28:49] [INFO] Starting Intelligent Pipeline for target: bytecapsuleit.com
[01:28:49] [INFO] Running Reconnaissance...
[01:28:50] [ERROR] Recon failed
[01:34:34] [INFO] Launching Intelligent Pipeline for bytecapsuleit.sh...
[01:34:34] [INFO] Starting Intelligent Pipeline for target: bytecapsuleit.sh
[01:34:35] [INFO] Running Reconnaissance...
[01:34:35] [INFO] Starting Discovery Recon on: bytecapsuleit.sh
[01:34:35] [DEBUG] Running ping sweep...
[01:34:35] [WARN] Target bytecapsuleit.sh appears to be DOWN.
[01:34:35] [ERROR] Recon failed
[01:34:53] [INFO] Launching Intelligent Pipeline for bytecapsuleit.com...
[01:34:53] [INFO] Starting Intelligent Pipeline for target: bytecapsuleit.com
[01:34:53] [INFO] Running Reconnaissance...
[01:34:54] [INFO] Starting Discovery Recon on: bytecapsuleit.com
[01:34:54] [DEBUG] Running ping sweep...
[01:34:54] [INFO] Target bytecapsuleit.com is UP.
[01:34:54] [INFO] Scanning target services...
[01:34:55] [INFO] Initiating Service Discovery Scan on: bytecapsuleit.com
[01:34:55] [DEBUG] Running Nmap service scan...
[01:35:15] [INFO] Scan complete. Found 5 open ports.
[01:35:15] [INFO] Detected services: web
[01:35:15] [DEBUG] Queuing Web module
[01:35:16] [INFO] Starting Web Enumeration on: bytecapsuleit.com
[01:35:16] [DEBUG] Fetching headers via http...
[01:35:16] [INFO] Web service is LIVE (Status 200) on bytecapsuleit.com
[01:35:16] [INFO] Server identified: cloudflare
cloudflare
[01:35:16] [INFO] All service modules completed.
[01:35:16] [INFO] Finalizing results...
[01:35:17] [INFO] Generating Final Report for: bytecapsuleit.com
[01:35:17] [DEBUG] Searching for sensitive keywords...
[01:35:17] [INFO] Success! Found 3 potential points of interest.
[01:35:17] [INFO] Report saved to: /data/data/com.termux/files/home/Rony/Termux/pocket_framework/data/results/SUMMARY_bytecapsuleit.com.txt
[01:35:17] [INFO] Pipeline successfully finished for bytecapsuleit.com
[01:37:12] [INFO] Launching Intelligent Pipeline for hacktolive.net...
[01:37:12] [INFO] Starting Intelligent Pipeline for target: hacktolive.net
[01:37:12] [INFO] Running Reconnaissance...
[01:37:12] [INFO] Starting Discovery Recon on: hacktolive.net
[01:37:12] [DEBUG] Running ping sweep...
[01:37:13] [INFO] Target hacktolive.net is UP.
[01:37:13] [INFO] Scanning target services...
[01:37:13] [INFO] Initiating Service Discovery Scan on: hacktolive.net
[01:37:13] [DEBUG] Running Nmap service scan...
[01:37:33] [INFO] Scan complete. Found 5 open ports.
[01:37:33] [INFO] Detected services: web
[01:37:33] [DEBUG] Queuing Web module
[01:37:33] [INFO] Starting Web Enumeration on: hacktolive.net
[01:37:33] [DEBUG] Fetching headers via http...
[01:37:34] [INFO] Web service is LIVE (Status 200) on hacktolive.net
[01:37:34] [INFO] Server identified: cloudflare
cloudflare
[01:37:34] [INFO] All service modules completed.
[01:37:34] [INFO] Finalizing results...
[01:37:34] [INFO] Generating Final Report for: hacktolive.net
[01:37:35] [DEBUG] Searching for sensitive keywords...
[01:37:35] [INFO] Success! Found 3 potential points of interest.
[01:37:35] [INFO] Report saved to: /data/data/com.termux/files/home/Rony/Termux/pocket_framework/data/results/SUMMARY_hacktolive.net.txt
[01:37:35] [INFO] Pipeline successfully finished for hacktolive.net
[01:41:51] [INFO] Launching Intelligent Pipeline for evernote.com...
[01:41:51] [INFO] Starting Intelligent Pipeline for target: evernote.com
[01:41:51] [INFO] Running Reconnaissance...
[01:41:51] [INFO] Starting Discovery Recon on: evernote.com
[01:41:51] [DEBUG] Running ping sweep...
[01:41:52] [INFO] Target evernote.com is UP.
[01:41:52] [INFO] Scanning target services...
[01:41:52] [INFO] Initiating Service Discovery Scan on: evernote.com
[01:41:52] [DEBUG] Running Nmap service scan...
[01:43:44] [INFO] Scan complete. Found 3 open ports.
[01:43:44] [INFO] Detected services: web
[01:43:44] [DEBUG] Queuing Web module
[01:43:45] [INFO] Starting Web Enumeration on: evernote.com
[01:43:45] [DEBUG] Fetching headers via http...
[01:43:45] [INFO] Web service is LIVE (Status 200) on evernote.com
[01:43:45] [INFO] All service modules completed.
[01:43:45] [INFO] Finalizing results...
[01:43:46] [INFO] Generating Final Report for: evernote.com
[01:43:46] [DEBUG] Searching for sensitive keywords...
[01:43:46] [INFO] Success! Found 3 potential points of interest.
[01:43:46] [INFO] Report saved to: /data/data/com.termux/files/home/Rony/Termux/pocket_framework/data/results/SUMMARY_evernote.com.txt
[01:43:46] [INFO] Pipeline successfully finished for evernote.com
[01:56:15] [INFO] Launching Intelligent Pipeline for evernote.com...
[01:56:15] [INFO] Starting Intelligent Pipeline for target: evernote.com
[01:56:15] [INFO] Running Reconnaissance...
[01:56:15] [INFO] Starting Discovery Recon on: evernote.com
[01:56:15] [DEBUG] Running ping sweep...
[01:56:16] [INFO] Target evernote.com is UP.
[01:56:16] [INFO] Scanning target services...
[01:56:16] [INFO] Initiating Service Discovery Scan on: evernote.com
[01:56:17] [DEBUG] Running Nmap service scan...
[01:58:10] [INFO] Scan complete. Found 3 open ports.
[01:58:11] [INFO] Detected services: web
[01:58:11] [DEBUG] Queuing Web module
[01:58:11] [INFO] Starting Web Enumeration on: evernote.com
[01:58:11] [DEBUG] Fetching headers via http...
[01:58:12] [INFO] Web service is LIVE (Status 200) on evernote.com
[01:58:12] [INFO] All service modules completed.
[01:58:12] [INFO] Finalizing results...
[01:58:12] [INFO] Pipeline successfully finished for evernote.com
[01:59:39] [INFO] Launching Intelligent Pipeline for evernote.com...
[01:59:39] [INFO] Starting Intelligent Pipeline for target: evernote.com
[01:59:39] [INFO] Running Reconnaissance...
[01:59:39] [INFO] Starting Discovery Recon on: evernote.com
[01:59:39] [DEBUG] Running ping sweep...
[01:59:40] [INFO] Target evernote.com is UP.
[01:59:40] [INFO] Scanning target services...
[01:59:40] [INFO] Initiating Service Discovery Scan on: evernote.com
[01:59:40] [DEBUG] Running Nmap service scan...
[02:01:33] [INFO] Scan complete. Found 3 open ports.
[02:01:33] [INFO] Detected services: web
[02:01:33] [DEBUG] Queuing Web module
[02:01:33] [INFO] Starting Web Enumeration on: evernote.com
[02:01:33] [DEBUG] Fetching headers via http...
[02:01:34] [INFO] Web service is LIVE (Status 200) on evernote.com
[02:01:34] [INFO] All service modules completed.
[02:01:34] [INFO] Finalizing results...
[02:01:34] [INFO] Generating Final Report for: evernote.com
[02:01:34] [DEBUG] Searching for sensitive keywords...
[02:01:35] [INFO] Looting complete. Items found: 7
[02:01:35] [INFO] Summary report generated at: /data/data/com.termux/files/home/Rony/Termux/pocket_framework/data/results/SUMMARY_evernote.com.txt
[02:01:35] [INFO] Pipeline successfully finished for evernote.com
[01:18:27] [INFO] Launching Intelligent Pipeline for bytecapsuleit.com...
[01:18:27] [INFO] Starting Intelligent Pipeline for target: bytecapsuleit.com
[01:18:27] [INFO] Running Reconnaissance...
[01:18:27] [INFO] Starting Discovery Recon on: bytecapsuleit.com
[01:18:27] [DEBUG] Running ping sweep...
[01:18:28] [INFO] Target bytecapsuleit.com is UP.
[01:18:28] [INFO] Scanning target services...
[01:18:29] [INFO] Initiating Service Discovery Scan on: bytecapsuleit.com
[01:18:29] [DEBUG] Running Nmap service scan...
[01:18:50] [INFO] Scan complete. Found 5 open ports.
[01:18:51] [INFO] Detected services: web
[01:18:51] [DEBUG] Queuing Web module
[01:18:51] [INFO] Starting Web Enumeration on: bytecapsuleit.com
[01:18:51] [DEBUG] Fetching headers via http...
[01:18:52] [INFO] Web service is LIVE (Status 200) on bytecapsuleit.com
[01:18:52] [INFO] Server identified: cloudflare
cloudflare
[01:18:52] [INFO] All service modules completed.
[01:18:52] [INFO] Finalizing results...
[01:18:52] [INFO] Generating Final Report for: bytecapsuleit.com
[01:18:53] [DEBUG] Searching for sensitive keywords...
[01:18:53] [INFO] Looting complete. Items found: 7
[01:18:53] [INFO] Summary report generated at: /data/data/com.termux/files/home/Rony/Termux/pocket_framework/data/results/SUMMARY_bytecapsuleit.com.txt
[01:18:53] [INFO] Pipeline successfully finished for bytecapsuleit.com
[01:24:46] [INFO] Launching Intelligent Pipeline for hacktolive.net...
[01:24:46] [INFO] Starting Intelligent Pipeline for target: hacktolive.net
[01:24:46] [INFO] Running Reconnaissance...
[01:24:46] [INFO] Starting Discovery Recon on: hacktolive.net
[01:24:46] [DEBUG] Running ping sweep...
[01:24:47] [INFO] Target hacktolive.net is UP.
[01:24:47] [INFO] Scanning target services...
[01:24:47] [INFO] Initiating Service Discovery Scan on: hacktolive.net
[01:24:47] [DEBUG] Running Nmap service scan...
[01:25:07] [INFO] Scan complete. Found 5 open ports.
[01:25:08] [INFO] Detected services: web
[01:25:08] [DEBUG] Queuing Web module
[01:25:08] [INFO] Starting Web Enumeration on: hacktolive.net
[01:25:08] [DEBUG] Fetching headers via http...
[01:25:09] [INFO] Web service is LIVE (Status 200) on hacktolive.net
[01:25:09] [INFO] Server identified: cloudflare
cloudflare
[01:25:09] [INFO] All service modules completed.
[01:25:09] [INFO] Finalizing results...
[01:25:09] [INFO] Generating Clean Report for: hacktolive.net
[01:25:10] [DEBUG] Cleaning and extracting sensitive data...
[01:25:10] [INFO] Clean looting complete. Items found: 7
[01:25:10] [INFO] Clean summary generated at: /data/data/com.termux/files/home/Rony/Termux/pocket_framework/data/results/SUMMARY_hacktolive.net.txt
[01:25:10] [INFO] Pipeline successfully finished for hacktolive.net
[01:28:09] [INFO] Launching Intelligent Pipeline for bytecapsuleit.com...
[01:28:09] [INFO] Starting Intelligent Pipeline for target: bytecapsuleit.com
[01:28:09] [INFO] Running Reconnaissance...
[01:28:09] [INFO] Starting Discovery Recon on: bytecapsuleit.com
[01:28:09] [DEBUG] Running ping sweep...
[01:28:10] [INFO] Target bytecapsuleit.com is UP.
[01:28:10] [INFO] Scanning target services...
[01:28:11] [INFO] Initiating Service Discovery Scan on: bytecapsuleit.com
[01:28:11] [DEBUG] Running Nmap service scan...
[01:28:31] [INFO] Scan complete. Found 5 open ports.
[01:28:32] [INFO] Detected services: web
[01:28:32] [DEBUG] Queuing Web module
[01:28:32] [INFO] Starting Web Enumeration on: bytecapsuleit.com
[01:28:32] [DEBUG] Fetching headers via http...
[01:28:33] [INFO] Web service is LIVE (Status 200) on bytecapsuleit.com
[01:28:33] [INFO] Server identified: cloudflare
cloudflare
[01:28:33] [INFO] All service modules completed.
[01:28:33] [INFO] Finalizing results...
[01:28:33] [INFO] Generating Clean Report for: bytecapsuleit.com
[01:28:33] [DEBUG] Cleaning and extracting sensitive data...
[01:28:33] [INFO] Clean looting complete. Items found: 3
[01:28:33] [INFO] Clean summary generated at: /data/data/com.termux/files/home/Rony/Termux/pocket_framework/data/results/SUMMARY_bytecapsuleit.com.txt
[01:28:33] [INFO] Pipeline successfully finished for bytecapsuleit.com
[01:30:35] [INFO] Launching Intelligent Pipeline for hacktolive.net...
[01:30:35] [INFO] Starting Intelligent Pipeline for target: hacktolive.net
[01:30:35] [INFO] Running Reconnaissance...
[01:30:35] [INFO] Starting Discovery Recon on: hacktolive.net
[01:30:35] [DEBUG] Running ping sweep...
[01:30:36] [INFO] Target hacktolive.net is UP.
[01:30:36] [INFO] Scanning target services...
[01:30:37] [INFO] Initiating Service Discovery Scan on: hacktolive.net
[01:30:37] [DEBUG] Running Nmap service scan...
[01:30:57] [INFO] Scan complete. Found 5 open ports.
[01:30:58] [INFO] Detected services: web
[01:30:58] [DEBUG] Queuing Web module
[01:30:58] [INFO] Starting Web Enumeration on: hacktolive.net
[01:30:58] [DEBUG] Fetching headers via http...
[01:30:58] [INFO] Web service is LIVE (Status 200) on hacktolive.net
[01:30:58] [INFO] Server identified: cloudflare
cloudflare
[01:30:58] [INFO] All service modules completed.
[01:30:58] [INFO] Finalizing results...
[01:30:59] [INFO] Generating Clean Report for: hacktolive.net
[01:30:59] [DEBUG] Cleaning and extracting sensitive data...
[01:30:59] [INFO] Clean looting complete. Items found: 3
[01:30:59] [INFO] Clean summary generated at: /data/data/com.termux/files/home/Rony/Termux/pocket_framework/data/results/SUMMARY_hacktolive.net.txt
[01:30:59] [INFO] Pipeline successfully finished for hacktolive.net
[01:33:29] [INFO] Launching Intelligent Pipeline for evernote.com...
[01:33:29] [INFO] Starting Intelligent Pipeline for target: evernote.com
[01:33:29] [INFO] Running Reconnaissance...
[01:33:29] [INFO] Starting Discovery Recon on: evernote.com
[01:33:30] [DEBUG] Running ping sweep...
[01:33:30] [INFO] Target evernote.com is UP.
[01:33:30] [INFO] Scanning target services...
[01:33:31] [INFO] Initiating Service Discovery Scan on: evernote.com
[01:33:31] [DEBUG] Running Nmap service scan...
[01:35:28] [INFO] Scan complete. Found 3 open ports.
[01:35:28] [INFO] Detected services: web
[01:35:28] [DEBUG] Queuing Web module
[01:35:28] [INFO] Starting Web Enumeration on: evernote.com
[01:35:28] [DEBUG] Fetching headers via http...
[01:35:30] [INFO] Web service is LIVE (Status 200) on evernote.com
[01:35:30] [INFO] All service modules completed.
[01:35:30] [INFO] Finalizing results...
[01:35:30] [INFO] Generating Clean Report for: evernote.com
[01:35:30] [DEBUG] Cleaning and extracting sensitive data...
[01:35:30] [INFO] Clean looting complete. Items found: 3
[01:35:30] [INFO] Clean summary generated at: /data/data/com.termux/files/home/Rony/Termux/pocket_framework/data/results/SUMMARY_evernote.com.txt
[01:35:30] [INFO] Pipeline successfully finished for evernote.com
[01:40:12] [INFO] Launching Intelligent Pipeline for lansweeper.com...
[01:40:12] [INFO] Starting Intelligent Pipeline for target: lansweeper.com
[01:40:12] [INFO] Running Reconnaissance...
[01:40:12] [INFO] Starting Discovery Recon on: lansweeper.com
[01:40:12] [DEBUG] Running ping sweep...
[01:40:13] [INFO] Target lansweeper.com is UP.
[01:40:13] [INFO] Scanning target services...
[01:40:14] [INFO] Initiating Service Discovery Scan on: lansweeper.com
[01:40:14] [DEBUG] Running Nmap service scan...
[01:40:35] [INFO] Scan complete. Found 5 open ports.
[01:40:35] [INFO] Detected services: web
[01:40:35] [DEBUG] Queuing Web module
[01:40:36] [INFO] Starting Web Enumeration on: lansweeper.com
[01:40:36] [DEBUG] Fetching headers via http...
[01:40:36] [WARN] Web service responded with Status: 403
[01:40:36] [INFO] Server identified: cloudflare
[01:40:36] [INFO] All service modules completed.
[01:40:36] [INFO] Finalizing results...
[01:40:36] [INFO] Generating Clean Report for: lansweeper.com
[01:40:37] [DEBUG] Cleaning and extracting sensitive data...
[01:40:37] [INFO] Clean looting complete. Items found: 4
[01:40:37] [INFO] Clean summary generated at: /data/data/com.termux/files/home/Rony/Termux/pocket_framework/data/results/SUMMARY_lansweeper.com.txt
[01:40:37] [INFO] Pipeline successfully finished for lansweeper.com
[01:41:53] [INFO] Launching Intelligent Pipeline for tesla.com...
[01:41:53] [INFO] Starting Intelligent Pipeline for target: tesla.com
[01:41:53] [INFO] Running Reconnaissance...
[01:41:54] [INFO] Starting Discovery Recon on: tesla.com
[01:41:54] [DEBUG] Running ping sweep...
[01:41:54] [INFO] Target tesla.com is UP.
[01:41:54] [INFO] Scanning target services...
[01:41:55] [INFO] Initiating Service Discovery Scan on: tesla.com
[01:41:55] [DEBUG] Running Nmap service scan...
[01:42:17] [INFO] Scan complete. Found 3 open ports.
[01:42:17] [INFO] Detected services: web
[01:42:17] [DEBUG] Queuing Web module
[01:42:18] [INFO] Starting Web Enumeration on: tesla.com
[01:42:18] [DEBUG] Fetching headers via http...
[01:42:18] [WARN] Web service responded with Status: 403
[01:42:18] [INFO] Server identified: AkamaiGHost
[01:42:18] [INFO] All service modules completed.
[01:42:18] [INFO] Finalizing results...
[01:42:19] [INFO] Generating Clean Report for: tesla.com
[01:42:19] [DEBUG] Cleaning and extracting sensitive data...
[01:42:19] [INFO] Clean looting complete. Items found: 4
[01:42:19] [INFO] Clean summary generated at: /data/data/com.termux/files/home/Rony/Termux/pocket_framework/data/results/SUMMARY_tesla.com.txt
[01:42:19] [INFO] Pipeline successfully finished for tesla.com
[01:44:13] [INFO] Launching Intelligent Pipeline for testphp.vulnweb.com...
[01:44:13] [INFO] Starting Intelligent Pipeline for target: testphp.vulnweb.com
[01:44:13] [INFO] Running Reconnaissance...
[01:44:13] [INFO] Starting Discovery Recon on: testphp.vulnweb.com
[01:44:13] [DEBUG] Running ping sweep...
[01:44:16] [WARN] Target testphp.vulnweb.com appears to be DOWN.
[01:44:16] [ERROR] Recon failed
[01:44:50] [INFO] Launching Intelligent Pipeline for facebook.com...
[01:44:50] [INFO] Starting Intelligent Pipeline for target: facebook.com
[01:44:50] [INFO] Running Reconnaissance...
[01:44:50] [INFO] Starting Discovery Recon on: facebook.com
[01:44:50] [DEBUG] Running ping sweep...
[01:44:50] [INFO] Target facebook.com is UP.
[01:44:50] [INFO] Scanning target services...
[01:44:50] [INFO] Initiating Service Discovery Scan on: facebook.com
[01:44:50] [DEBUG] Running Nmap service scan...
[01:45:24] [INFO] Scan complete. Found 3 open ports.
[01:45:25] [INFO] Detected services: web
[01:45:25] [DEBUG] Queuing Web module
[01:45:25] [INFO] Starting Web Enumeration on: facebook.com
[01:45:25] [DEBUG] Fetching headers via http...
[01:45:26] [INFO] Web service is LIVE (Status 200) on facebook.com
[01:45:26] [INFO] Server identified: proxygen-bolt
[01:45:26] [INFO] All service modules completed.
[01:45:26] [INFO] Finalizing results...
[01:45:27] [INFO] Generating Clean Report for: facebook.com
[01:45:27] [DEBUG] Cleaning and extracting sensitive data...
[01:45:27] [INFO] Clean looting complete. Items found: 7
[01:45:27] [INFO] Clean summary generated at: /data/data/com.termux/files/home/Rony/Termux/pocket_framework/data/results/SUMMARY_facebook.com.txt
[01:45:27] [INFO] Pipeline successfully finished for facebook.com
[01:53:53] [INFO] Launching Intelligent Pipeline for facebook.com...
[01:53:53] [INFO] Executing intel_pipeline on facebook.com...
[01:53:53] [INFO] Starting Intelligent Pipeline for target: facebook.com
[01:53:53] [INFO] Running Reconnaissance...
[01:53:53] [INFO] Starting Discovery Recon on: facebook.com
[01:53:53] [DEBUG] Running ping sweep...
[01:53:53] [INFO] Target facebook.com is UP.
[01:53:53] [INFO] Scanning target services...
[01:53:54] [INFO] Initiating Service Discovery Scan on: facebook.com
[01:53:54] [DEBUG] Running Nmap service scan...
[01:54:28] [INFO] Scan complete. Found 3 open ports.
[01:54:29] [INFO] Detected services: web
[01:54:29] [DEBUG] Queuing Web module
[01:54:29] [INFO] Starting Web Enumeration on: facebook.com
[01:54:29] [DEBUG] Fetching headers via http...
[01:54:30] [INFO] Web service is LIVE (Status 200) on facebook.com
[01:54:30] [INFO] Server identified: proxygen-bolt
[02:06:15] [INFO] Launching Intelligent Pipeline for bytecapsuleit.com...
[02:06:15] [INFO] Executing intel_pipeline on bytecapsuleit.com...
[02:06:15] [INFO] Starting Intelligent Pipeline for target: bytecapsuleit.com
[02:06:15] [INFO] Running Reconnaissance...
[02:06:15] [INFO] Starting Discovery Recon on: bytecapsuleit.com
[02:06:15] [DEBUG] Running ping sweep...
[02:06:16] [INFO] Target bytecapsuleit.com is UP.
[02:06:16] [INFO] Scanning target services...
[02:06:17] [INFO] Initiating Service Discovery Scan on: bytecapsuleit.com
[02:06:17] [DEBUG] Running Nmap service scan...
[02:06:38] [INFO] Scan complete. Found 5 open ports.
[02:06:39] [INFO] Detected services: web
[02:06:39] [DEBUG] Queuing Web module
[02:06:39] [INFO] Starting Web Enumeration on: bytecapsuleit.com
[02:06:39] [DEBUG] Fetching headers via http...
[02:06:39] [INFO] Web service is LIVE (Status 200) on bytecapsuleit.com
[02:06:39] [INFO] Server identified: cloudflare
cloudflare
[02:07:47] [INFO] Launching Intelligent Pipeline for hacktolive.net...
[02:07:47] [INFO] Executing intel_pipeline on hacktolive.net...
[02:07:47] [INFO] Starting Intelligent Pipeline for target: hacktolive.net
[02:07:47] [INFO] Running Reconnaissance...
[02:07:47] [INFO] Starting Discovery Recon on: hacktolive.net
[02:07:47] [DEBUG] Running ping sweep...
[02:07:48] [INFO] Target hacktolive.net is UP.
[02:07:48] [INFO] Scanning target services...
[02:07:48] [INFO] Initiating Service Discovery Scan on: hacktolive.net
[02:07:48] [DEBUG] Running Nmap service scan...
[02:08:08] [INFO] Scan complete. Found 5 open ports.
[02:08:08] [INFO] Detected services: web
[02:08:08] [DEBUG] Queuing Web module
[02:08:08] [INFO] Starting Web Enumeration on: hacktolive.net
[02:08:08] [DEBUG] Fetching headers via http...
[02:08:09] [INFO] Web service is LIVE (Status 200) on hacktolive.net
[02:08:09] [INFO] Server identified: cloudflare
cloudflare
[02:22:18] [INFO] Launching Intelligent Pipeline for bytecapsuleit.com...
[02:22:18] [INFO] Executing intel_pipeline on bytecapsuleit.com...
[02:22:18] [INFO] Starting Intelligent Pipeline for target: bytecapsuleit.com
[02:22:19] [INFO] Running Reconnaissance...
[02:22:19] [INFO] Starting Discovery Recon on: bytecapsuleit.com
[02:22:19] [DEBUG] Running ping sweep...
[02:22:19] [INFO] Target bytecapsuleit.com is UP.
[02:22:20] [INFO] Scanning target services...
[02:22:20] [INFO] Initiating Service Discovery Scan on: bytecapsuleit.com
[02:22:20] [DEBUG] Running Nmap service scan...
[02:22:40] [INFO] Scan complete. Found 5 open ports.
[02:22:40] [INFO] Detected services: web
[02:22:40] [DEBUG] Queuing Web module
[02:22:40] [INFO] Starting Web Enumeration on: bytecapsuleit.com
[02:22:41] [INFO] Web service is LIVE (Status 301) on bytecapsuleit.com
[02:22:41] [INFO] Server identified: cloudflare
[02:29:50] [INFO] Launching Intelligent Pipeline for hacktolive.net...
[02:29:50] [INFO] Executing intel_pipeline on hacktolive.net...
[02:29:50] [INFO] Starting Intelligent Pipeline for target: hacktolive.net
[02:29:50] [INFO] Running Reconnaissance...
[02:29:51] [INFO] Starting Discovery Recon on: hacktolive.net
[02:29:51] [DEBUG] Running ping sweep...
[02:29:51] [INFO] Target hacktolive.net is UP.
[02:29:51] [INFO] Scanning target services...
[02:29:51] [INFO] Initiating Service Discovery Scan on: hacktolive.net
[02:29:51] [DEBUG] Running Nmap service scan...
[02:30:11] [INFO] Scan complete. Found 5 open ports.
[02:30:11] [INFO] Detected services: web
[02:30:11] [DEBUG] Queuing Web module
[02:30:11] [INFO] Starting Web Enumeration on: hacktolive.net
[02:30:12] [INFO] Server identified: cloudflare
[02:30:12] [INFO] Web Enumeration complete for hacktolive.net.
[02:37:49] [INFO] Launching Intelligent Pipeline for evernote.com...
[02:37:49] [INFO] Executing intel_pipeline on evernote.com...
[02:37:50] [INFO] Starting Intelligent Pipeline for: evernote.com
[02:37:50] [INFO] Executing recon on evernote.com...
[02:37:50] [INFO] Starting Discovery Recon on: evernote.com
[02:37:50] [DEBUG] Running ping sweep...
[02:37:50] [INFO] Target evernote.com is UP.
[02:37:50] [INFO] Executing scan on evernote.com...
[02:37:50] [INFO] Initiating Service Discovery Scan on: evernote.com
[02:37:50] [DEBUG] Running Nmap service scan...
[02:39:46] [INFO] Scan complete. Found 3 open ports.
[02:39:46] [DEBUG] Entering Decision phase...
[02:39:46] [ERROR] Module 'decision' not found at: /data/data/com.termux/files/home/Rony/Termux/pocket_framework/modules/decision.sh
[02:39:46] [INFO] Finalizing results...
[02:39:46] [INFO] Executing loot on evernote.com...
[02:39:47] [INFO] Finalizing Results for: evernote.com
[02:39:47] [DEBUG] Extracting sensitive data into isolated loot file...
[02:39:47] [INFO] Looting complete for evernote.com. Results cleaned.
[02:39:47] [INFO] Isolated report generated at: /data/data/com.termux/files/home/Rony/Termux/pocket_framework/data/results/evernote.com/SUMMARY_evernote.com.txt
[02:39:47] [INFO] Pipeline successfully finished for evernote.com
[02:43:53] [INFO] Launching Intelligent Pipeline for facebook.com...
[02:43:53] [INFO] Executing intel_pipeline on facebook.com...
[02:43:53] [INFO] Starting Intelligent Pipeline for: facebook.com
[02:43:53] [INFO] Executing recon on facebook.com...
[02:43:53] [INFO] Starting Discovery Recon on: facebook.com
[02:43:53] [DEBUG] Running ping sweep...
[02:43:54] [INFO] Target facebook.com is UP.
[02:43:54] [INFO] Executing scan on facebook.com...
[02:43:54] [INFO] Initiating Service Discovery Scan on: facebook.com
[02:43:54] [DEBUG] Running Nmap service scan...
[02:44:34] [INFO] Scan complete. Found 3 open ports.
[02:44:34] [DEBUG] Entering Decision phase...
[02:44:34] [ERROR] Module 'decision' not found at: /data/data/com.termux/files/home/Rony/Termux/pocket_framework/modules/decision.sh
[02:44:34] [INFO] Finalizing results...
[02:44:34] [INFO] Executing loot on facebook.com...
[02:44:34] [INFO] Finalizing Results for: facebook.com
[02:44:34] [DEBUG] Cleaning and extracting sensitive data...
[02:44:34] [INFO] Clean looting complete for facebook.com.
[02:44:35] [INFO] Summary report generated: /data/data/com.termux/files/home/Rony/Termux/pocket_framework/data/results/facebook.com/SUMMARY_facebook.com.txt
[02:44:35] [INFO] Pipeline successfully finished for facebook.com
[02:48:52] [INFO] Launching Intelligent Pipeline for tesla.com...
[02:48:52] [INFO] Executing intel_pipeline on tesla.com...
[02:48:52] [INFO] Starting Intelligent Pipeline for: tesla.com
[02:48:52] [INFO] Executing recon on tesla.com...
[02:48:52] [INFO] Starting Discovery Recon on: tesla.com
[02:48:52] [DEBUG] Running ping sweep...
[02:48:52] [INFO] Target tesla.com is UP.
[02:48:52] [INFO] Executing scan on tesla.com...
[02:48:52] [INFO] Initiating Service Discovery Scan on: tesla.com
[02:48:53] [DEBUG] Running Nmap service scan...
[02:49:23] [INFO] Scan complete. Found 3 open ports.
[02:49:24] [DEBUG] Entering Decision phase...
[02:49:24] [ERROR] Module 'decision' not found at: /data/data/com.termux/files/home/Rony/Termux/pocket_framework/modules/decision.sh
[02:49:24] [INFO] Finalizing results...
[02:49:24] [INFO] Executing loot on tesla.com...
[02:49:24] [INFO] Finalizing Results for: tesla.com
[02:49:24] [DEBUG] Cleaning and extracting sensitive data...
[02:49:24] [INFO] Summary report generated at: /data/data/com.termux/files/home/Rony/Termux/pocket_framework/data/results/tesla.com/SUMMARY_tesla.com.txt
[02:49:24] [INFO] Pipeline successfully finished for tesla.com
[02:54:22] [INFO] Launching Intelligent Pipeline for whatsapp.com...
[02:54:22] [INFO] Executing intel_pipeline on whatsapp.com...
[02:54:22] [INFO] Starting Intelligent Pipeline for: whatsapp.com
[02:54:22] [INFO] Executing recon on whatsapp.com...
[02:54:22] [INFO] Starting Discovery Recon on: whatsapp.com
[02:54:22] [DEBUG] Running ping sweep...
[02:54:22] [INFO] Target whatsapp.com is UP.
[02:54:23] [INFO] Executing scan on whatsapp.com...
[02:54:23] [INFO] Initiating Service Discovery Scan on: whatsapp.com
[02:54:23] [DEBUG] Running Nmap service scan...
[02:54:53] [INFO] Scan complete. Found 4 open ports.
[02:54:53] [DEBUG] Entering Decision phase...
[02:54:53] [ERROR] Module 'decision' not found at: /data/data/com.termux/files/home/Rony/Termux/pocket_framework/modules/decision.sh
[02:54:53] [INFO] Finalizing results...
[02:54:53] [INFO] Executing loot on whatsapp.com...
[02:54:53] [INFO] Finalizing Results for: whatsapp.com
[02:54:54] [DEBUG] Cleaning and extracting sensitive data...
[02:54:54] [INFO] Clean looting complete for whatsapp.com.
[02:54:54] [INFO] All reports finalized in: /data/data/com.termux/files/home/Rony/Termux/pocket_framework/data/results/whatsapp.com
[02:54:54] [INFO] Pipeline successfully finished for whatsapp.com
[15:16:33] [INFO] Launching Intelligent Pipeline for https://zerodaytest.com/...
[15:16:33] [INFO] Executing intel_pipeline on https://zerodaytest.com/...
[15:16:33] [INFO] Starting Intelligent Pipeline for: https://zerodaytest.com/
[15:16:33] [INFO] Executing recon on https://zerodaytest.com/...
[15:16:33] [INFO] Starting Discovery Recon on: https://zerodaytest.com/
[15:16:33] [DEBUG] Running ping sweep...
[15:16:33] [ERROR] Nmap discovery failed.
[15:16:33] [INFO] Executing scan on https://zerodaytest.com/...
[15:16:33] [INFO] Initiating Service Discovery Scan on: https://zerodaytest.com/
[15:16:33] [DEBUG] Running Nmap service scan...
[15:16:33] [ERROR] Nmap scan encountered an error for https://zerodaytest.com/.
[15:16:33] [DEBUG] Entering Decision phase...
[15:16:33] [INFO] Executing decision on https://zerodaytest.com/...
[15:16:33] [ERROR] Scan file not found. Decision engine cannot proceed.
[15:16:33] [INFO] Finalizing results...
[15:16:33] [INFO] Executing loot on https://zerodaytest.com/...
[15:16:33] [INFO] Finalizing Results for: https://zerodaytest.com/
[15:16:34] [DEBUG] Cleaning and extracting sensitive data...
[15:16:34] [INFO] All reports finalized in: /data/data/com.termux/files/home/Rony/Termux/pocket_framework/data/results/https://zerodaytest.com/
[15:16:34] [INFO] Pipeline successfully finished for https://zerodaytest.com/
[15:20:44] [INFO] Launching Intelligent Pipeline for https://zerodaytest.com/...
[15:20:44] [INFO] Executing intel_pipeline on https://zerodaytest.com/...
[15:20:44] [INFO] Starting Intelligent Pipeline for: https://zerodaytest.com/
[15:20:44] [INFO] Executing recon on https://zerodaytest.com/...
[15:20:44] [INFO] Starting Discovery Recon on: https://zerodaytest.com/
[15:20:44] [DEBUG] Running ping sweep...
[15:20:45] [ERROR] Nmap discovery failed.
[15:20:45] [INFO] Executing scan on https://zerodaytest.com/...
[15:20:45] [INFO] Initiating Service Discovery Scan on: https://zerodaytest.com/
[15:20:45] [DEBUG] Running Nmap service scan...
[15:20:45] [ERROR] Nmap scan encountered an error for https://zerodaytest.com/.
[15:20:45] [DEBUG] Entering Decision phase...
[15:20:45] [INFO] Executing decision on https://zerodaytest.com/...
[15:20:45] [ERROR] Scan file not found. Decision engine cannot proceed.
[15:20:45] [INFO] Finalizing results...
[15:20:45] [INFO] Executing loot on https://zerodaytest.com/...
[15:20:45] [INFO] Finalizing Results for: https://zerodaytest.com/
[15:20:45] [DEBUG] Cleaning and extracting sensitive data...
[15:20:45] [INFO] All reports finalized in: /data/data/com.termux/files/home/Rony/Termux/pocket_framework/data/results/https://zerodaytest.com/
[15:20:46] [INFO] Pipeline successfully finished for https://zerodaytest.com/
[15:21:16] [INFO] Launching Intelligent Pipeline for zerodaytest.com...
[15:21:16] [INFO] Executing intel_pipeline on zerodaytest.com...
[15:21:16] [INFO] Starting Intelligent Pipeline for: zerodaytest.com
[15:21:16] [INFO] Executing recon on zerodaytest.com...
[15:21:16] [INFO] Starting Discovery Recon on: zerodaytest.com
[15:21:16] [DEBUG] Running ping sweep...
[15:21:17] [INFO] Target zerodaytest.com is UP.
[15:21:17] [INFO] Executing scan on zerodaytest.com...
[15:21:17] [INFO] Initiating Service Discovery Scan on: zerodaytest.com
[15:21:17] [DEBUG] Running Nmap service scan...
[15:21:50] [INFO] Scan complete. Found 5 open ports.
[15:21:50] [DEBUG] Entering Decision phase...
[15:21:50] [INFO] Executing decision on zerodaytest.com...
[15:21:50] [INFO] Analyzing open ports to determine next steps...
[15:21:50] [INFO] Web services detected. Queuing Web Enumeration...
[15:21:50] [INFO] Executing web on zerodaytest.com...
[15:21:50] [INFO] Starting Web Enumeration on: zerodaytest.com
[15:21:52] [INFO] Server identified: cloudflare
[15:21:52] [INFO] Web Enumeration complete for zerodaytest.com.
[15:21:53] [DEBUG] Decision phase complete.
[15:21:53] [INFO] Finalizing results...
[15:21:53] [INFO] Executing loot on zerodaytest.com...
[15:21:53] [INFO] Finalizing Results for: zerodaytest.com
[15:21:53] [DEBUG] Cleaning and extracting sensitive data...
[15:21:53] [INFO] All reports finalized in: /data/data/com.termux/files/home/Rony/Termux/pocket_framework/data/results/zerodaytest.com
[15:21:53] [INFO] Pipeline successfully finished for zerodaytest.com
[15:27:54] [INFO] Launching Intelligent Pipeline for zerodaytest.com...
[15:27:54] [INFO] Executing intel_pipeline on zerodaytest.com...
[15:27:54] [INFO] Starting Intelligent Pipeline for: zerodaytest.com
[15:27:54] [INFO] Executing recon on zerodaytest.com...
[15:27:54] [INFO] Starting Discovery Recon on: zerodaytest.com
[15:27:54] [DEBUG] Running ping sweep...
[15:27:56] [INFO] Target zerodaytest.com is UP.
[15:27:56] [INFO] Executing scan on zerodaytest.com...
[15:27:56] [INFO] Initiating Service Discovery Scan on: zerodaytest.com
[15:27:56] [DEBUG] Running Nmap service scan...
[15:28:55] [INFO] Scan complete. Found 5 open ports.
[15:28:55] [DEBUG] Entering Decision phase...
[15:28:55] [INFO] Executing decision on zerodaytest.com...
[15:28:55] [INFO] Analyzing open ports to determine next steps...
[15:28:55] [INFO] Web services detected. Queuing Web Enumeration...
[15:28:55] [INFO] Executing web on zerodaytest.com...
[15:28:56] [INFO] Starting Aggressive Web Enumeration on: zerodaytest.com
[15:28:57] [INFO] Web service responded with Status: 301
[15:28:57] [DEBUG] Decision phase complete.
[15:28:57] [INFO] Finalizing results...
[15:28:57] [INFO] Executing loot on zerodaytest.com...
[15:28:57] [INFO] Finalizing Results for: zerodaytest.com
[15:28:57] [DEBUG] Cleaning and extracting sensitive data...
[15:28:57] [INFO] All reports finalized in: /data/data/com.termux/files/home/Rony/Termux/pocket_framework/data/results/zerodaytest.com
[15:28:57] [INFO] Pipeline successfully finished for zerodaytest.com
[15:32:26] [INFO] Launching Intelligent Pipeline for zerodaytest.com...
[15:32:26] [INFO] Executing intel_pipeline on zerodaytest.com...
[15:32:26] [INFO] Starting Intelligent Pipeline for: zerodaytest.com
[15:32:26] [INFO] Executing recon on zerodaytest.com...
[15:32:26] [INFO] Starting Discovery Recon on: zerodaytest.com
[15:32:26] [DEBUG] Running ping sweep...
[15:32:27] [INFO] Target zerodaytest.com is UP.
[15:32:27] [INFO] Executing scan on zerodaytest.com...
[15:32:27] [INFO] Initiating Service Discovery Scan on: zerodaytest.com
[15:32:27] [DEBUG] Running Nmap service scan...
[15:32:49] [INFO] Scan complete. Found 5 open ports.
[15:32:49] [DEBUG] Entering Decision phase...
[15:32:49] [INFO] Executing decision on zerodaytest.com...
[15:32:49] [INFO] Analyzing open ports to determine next steps...
[15:32:49] [INFO] Web services detected. Queuing Web Enumeration...
[15:32:50] [INFO] Executing web on zerodaytest.com...
[15:32:50] [INFO] Starting Aggressive Web Enumeration on: zerodaytest.com
[15:32:51] [INFO] Web service responded with Status: 301
[15:32:51] [DEBUG] Decision phase complete.
[15:32:51] [INFO] Finalizing results...
[15:32:51] [INFO] Executing loot on zerodaytest.com...
[15:32:51] [INFO] Finalizing Results for: zerodaytest.com
[15:32:51] [DEBUG] Cleaning loot...
[15:32:51] [INFO] Pipeline successfully finished for zerodaytest.com
[15:35:59] [INFO] Launching Intelligent Pipeline for zerodaytest.com...
[15:35:59] [INFO] Executing intel_pipeline on zerodaytest.com...
[15:35:59] [INFO] Starting Intelligent Pipeline for: zerodaytest.com
[15:35:59] [INFO] Executing recon on zerodaytest.com...
[15:35:59] [INFO] Starting Discovery Recon on: zerodaytest.com
[15:35:59] [DEBUG] Running ping sweep...
[15:36:00] [INFO] Target zerodaytest.com is UP.
[15:36:00] [INFO] Executing scan on zerodaytest.com...
[15:36:00] [INFO] Initiating Service Discovery Scan on: zerodaytest.com
[15:36:00] [DEBUG] Running Nmap service scan...
[15:36:21] [INFO] Scan complete. Found 5 open ports.
[15:36:21] [DEBUG] Entering Decision phase...
[15:36:21] [INFO] Executing decision on zerodaytest.com...
[15:36:22] [INFO] Web services detected. Initializing Web & Scavenger modules...
[15:36:22] [INFO] Executing web on zerodaytest.com...
[15:36:22] [INFO] Starting Aggressive Web Enumeration on: zerodaytest.com
[15:36:24] [INFO] Web service responded with Status: 301
[15:36:24] [INFO] Executing scavenger on zerodaytest.com...
[15:36:24] [INFO] Searching for sensitive files on: zerodaytest.com
[15:36:24] [DEBUG] Checking: /.env
[15:36:25] [DEBUG] Checking: /.git/config
[15:36:26] [DEBUG] Checking: /robots.txt
[15:36:27] [WARN] FOUND: /robots.txt (Status: 200)
[15:36:27] [DEBUG] Checking: /sitemap.xml
[15:36:28] [DEBUG] Checking: /.htaccess
[15:36:29] [DEBUG] Checking: /phpinfo.php
[15:36:30] [INFO] Scavenging complete. Potential leaks saved to /data/data/com.termux/files/home/Rony/Termux/pocket_framework/data/results/zerodaytest.com/scavenge_zerodaytest.com.txt
[15:36:30] [INFO] Finalizing results...
[15:36:30] [INFO] Executing loot on zerodaytest.com...
[15:36:30] [INFO] Finalizing Results for: zerodaytest.com
[15:36:31] [DEBUG] Extracting sensitive data from all modules...
[15:36:31] [INFO] Pipeline successfully finished for zerodaytest.com
[15:44:56] [INFO] Launching Intelligent Pipeline for zerodaytest.com...
[15:44:56] [INFO] Executing intel_pipeline on zerodaytest.com...
[15:44:56] [INFO] Starting Intelligent Pipeline for: zerodaytest.com
[15:44:56] [INFO] Executing recon on zerodaytest.com...
[15:44:56] [INFO] Starting Discovery Recon on: zerodaytest.com
[15:44:56] [DEBUG] Running ping sweep...
[15:44:57] [INFO] Target zerodaytest.com is UP.
[15:44:57] [INFO] Executing scan on zerodaytest.com...
[15:44:57] [INFO] Initiating Service Discovery Scan on: zerodaytest.com
[15:44:57] [DEBUG] Running Nmap service scan...
[15:45:20] [INFO] Scan complete. Found 5 open ports.
[15:45:20] [DEBUG] Entering Decision phase...
[15:45:20] [INFO] Executing decision on zerodaytest.com...
[15:45:20] [INFO] Executing subdomain on zerodaytest.com...
[15:45:20] [INFO] Starting Subdomain Enumeration for: zerodaytest.com
[15:45:20] [DEBUG] Querying CRT.sh for historical subdomains...
[15:45:21] [WARN] No subdomains found via passive discovery.
[15:45:21] [INFO] Web services detected. Running specialized modules...
[15:45:22] [INFO] Executing web on zerodaytest.com...
[15:45:22] [INFO] Starting Aggressive Web Enumeration on: zerodaytest.com
[15:45:23] [INFO] Web service responded with Status: 301
[15:45:23] [INFO] Executing scavenger on zerodaytest.com...
[15:45:23] [INFO] Searching for sensitive files on: zerodaytest.com
[15:45:23] [DEBUG] Checking: /.env
[15:45:24] [DEBUG] Checking: /.git/config
[15:45:25] [DEBUG] Checking: /robots.txt
[15:45:25] [WARN] FOUND: /robots.txt (Status: 200)
[15:45:25] [DEBUG] Checking: /sitemap.xml
[15:45:26] [DEBUG] Checking: /.htaccess
[15:45:27] [DEBUG] Checking: /phpinfo.php
[15:45:28] [INFO] Scavenging complete. Potential leaks saved to /data/data/com.termux/files/home/Rony/Termux/pocket_framework/data/results/zerodaytest.com/scavenge_zerodaytest.com.txt
[15:45:28] [INFO] Finalizing results...
[15:45:28] [INFO] Executing loot on zerodaytest.com...
[15:45:28] [INFO] Finalizing Results for: zerodaytest.com
[15:45:29] [DEBUG] Extracting sensitive data from all modules...
[15:45:29] [INFO] Pipeline successfully finished for zerodaytest.com
[17:05:10] [INFO] Launching Intelligent Pipeline for zerodaytest.com...
[17:05:10] [INFO] Executing intel_pipeline on zerodaytest.com...
[17:05:10] [INFO] Starting Intelligent Pipeline for: zerodaytest.com
[17:05:10] [INFO] Executing recon on zerodaytest.com...
[17:05:10] [INFO] Starting Discovery Recon on: zerodaytest.com
[17:05:10] [DEBUG] Running ping sweep...
[17:05:11] [INFO] Target zerodaytest.com is UP.
[17:05:11] [INFO] Executing scan on zerodaytest.com...
[17:05:11] [INFO] Initiating Service Discovery Scan on: zerodaytest.com
[17:05:11] [DEBUG] Running Nmap service scan...
[17:05:33] [INFO] Scan complete. Found 5 open ports.
[17:05:34] [DEBUG] Entering Decision phase...
[17:05:34] [INFO] Executing decision on zerodaytest.com...
[17:05:34] [INFO] Executing subdomain on zerodaytest.com...
[17:05:34] [INFO] Running Subfinder on: zerodaytest.com
[17:05:37] [INFO] Probing for live subdomains with HTTPX...
[17:05:38] [INFO] Found  live subdomains.
[17:05:38] [INFO] Executing web on zerodaytest.com...
[17:05:38] [INFO] Starting Aggressive Web Enumeration on: zerodaytest.com
[17:05:39] [INFO] Web service responded with Status: 301
[17:05:39] [INFO] Executing scavenger on zerodaytest.com...
[17:05:39] [INFO] Searching for sensitive files on: zerodaytest.com
[17:05:39] [DEBUG] Checking: /.env
[17:05:40] [DEBUG] Checking: /.git/config
[17:05:41] [DEBUG] Checking: /robots.txt
[17:05:42] [WARN] FOUND: /robots.txt (Status: 200)
[17:05:42] [DEBUG] Checking: /sitemap.xml
[17:05:43] [DEBUG] Checking: /.htaccess
[17:05:44] [DEBUG] Checking: /phpinfo.php
[17:05:45] [INFO] Scavenging complete. Potential leaks saved to /data/data/com.termux/files/home/Rony/Termux/pocket_framework/data/results/zerodaytest.com/scavenge_zerodaytest.com.txt
[17:05:45] [INFO] Finalizing results...
[17:05:45] [INFO] Executing loot on zerodaytest.com...
[17:05:45] [INFO] Finalizing Results for: zerodaytest.com
[17:05:45] [DEBUG] Extracting sensitive data from all modules...
[17:05:46] [INFO] Pipeline successfully finished for zerodaytest.com
[00:26:53] [INFO] Launching Intelligent Pipeline for cyberbangla.com...
[00:26:53] [INFO] Executing intel_pipeline on cyberbangla.com...
[00:26:53] [INFO] Starting Intelligent Pipeline for: cyberbangla.com
[00:26:53] [INFO] Executing recon on cyberbangla.com...
[00:26:53] [INFO] Starting Discovery Recon on: cyberbangla.com
[00:26:53] [DEBUG] Running ping sweep...
[00:26:56] [INFO] Target cyberbangla.com is UP.
[00:26:56] [INFO] Executing scan on cyberbangla.com...
[00:26:56] [INFO] Initiating Service Discovery Scan on: cyberbangla.com
[00:26:56] [DEBUG] Running Nmap service scan...
[00:27:48] [INFO] Scan complete. Found 3 open ports.
[00:27:48] [DEBUG] Entering Decision phase...
[00:27:48] [INFO] Executing decision on cyberbangla.com...
[00:27:49] [INFO] Executing subdomain on cyberbangla.com...
[00:27:49] [INFO] Running Subfinder on: cyberbangla.com
[00:28:21] [INFO] Probing for live subdomains with HTTPX...
[00:28:22] [INFO] Found  live subdomains.
[00:28:22] [INFO] Executing web on cyberbangla.com...
[00:28:22] [INFO] Starting Aggressive Web Enumeration on: cyberbangla.com
[00:28:24] [INFO] Web service responded with Status: 200
[00:28:24] [INFO] Executing scavenger on cyberbangla.com...
[00:28:24] [INFO] Searching for sensitive files on: cyberbangla.com
[00:28:24] [DEBUG] Checking: /.env
[00:28:24] [DEBUG] Checking: /.git/config
[00:28:25] [DEBUG] Checking: /robots.txt
[00:28:26] [WARN] FOUND: /robots.txt (Status: 200)
[00:28:26] [DEBUG] Checking: /sitemap.xml
[00:28:27] [DEBUG] Checking: /.htaccess
[00:28:28] [DEBUG] Checking: /phpinfo.php
[00:28:28] [INFO] Scavenging complete. Potential leaks saved to /data/data/com.termux/files/home/Rony/Termux/pocket_framework/data/results/cyberbangla.com/scavenge_cyberbangla.com.txt
[00:28:28] [INFO] Finalizing results...
[00:28:28] [INFO] Executing loot on cyberbangla.com...
[00:28:28] [INFO] Finalizing Results for: cyberbangla.com
[00:28:29] [DEBUG] Extracting sensitive data from all modules...
[00:28:29] [INFO] Looting complete for cyberbangla.com.
[00:28:29] [INFO] Pipeline successfully finished for cyberbangla.com
[00:35:52] [INFO] Launching Intelligent Pipeline for cyberbanglaltd.com...
[00:35:52] [INFO] Executing intel_pipeline on cyberbanglaltd.com...
[00:35:52] [INFO] Starting Intelligent Pipeline for: cyberbanglaltd.com
[00:35:52] [INFO] Executing recon on cyberbanglaltd.com...
[00:35:52] [INFO] Starting Discovery Recon on: cyberbanglaltd.com
[00:35:52] [DEBUG] Running ping sweep...
[00:35:53] [INFO] Target cyberbanglaltd.com is UP.
[00:35:53] [INFO] Executing scan on cyberbanglaltd.com...
[00:35:53] [INFO] Initiating Service Discovery Scan on: cyberbanglaltd.com
[00:35:53] [DEBUG] Running Nmap service scan...
[00:36:23] [INFO] Scan complete. Found 4 open ports.
[00:36:23] [DEBUG] Entering Decision phase...
[00:36:23] [INFO] Executing decision on cyberbanglaltd.com...
[00:36:23] [INFO] Executing subdomain on cyberbanglaltd.com...
[00:36:23] [INFO] Running Subfinder on: cyberbanglaltd.com
[00:37:24] [INFO] Probing for live subdomains with HTTPX...
[00:37:25] [INFO] Found  live subdomains.
[00:37:25] [INFO] Executing web on cyberbanglaltd.com...
[00:37:25] [INFO] Starting Aggressive Web Enumeration on: cyberbanglaltd.com
[00:37:26] [INFO] Web service responded with Status: 301
[00:37:26] [INFO] Executing scavenger on cyberbanglaltd.com...
[00:37:26] [INFO] Searching for sensitive files on: cyberbanglaltd.com
[00:37:26] [DEBUG] Checking: /.env
[00:37:26] [DEBUG] Checking: /.git/config
[00:37:27] [DEBUG] Checking: /robots.txt
[00:37:27] [WARN] FOUND: /robots.txt (Status: 200)
[00:37:27] [DEBUG] Checking: /sitemap.xml
[00:37:27] [DEBUG] Checking: /.htaccess
[00:37:28] [DEBUG] Checking: /phpinfo.php
[00:37:28] [INFO] Scavenging complete. Potential leaks saved to /data/data/com.termux/files/home/Rony/Termux/pocket_framework/data/results/cyberbanglaltd.com/scavenge_cyberbanglaltd.com.txt
[00:37:28] [INFO] Finalizing results...
[00:37:28] [INFO] Executing loot on cyberbanglaltd.com...
[00:37:28] [INFO] Finalizing Results for: cyberbanglaltd.com
[00:37:28] [DEBUG] Extracting sensitive data from all modules...
[00:37:28] [INFO] Looting complete for cyberbanglaltd.com.
[00:37:28] [INFO] Pipeline successfully finished for cyberbanglaltd.com
